[2025-09-03 18:07:12.336 INFO src/main.rs:50] Starting NRC
[2025-09-03 18:07:12.970 DEBUG /Users/justin/.cargo/registry/src/index.crates.io-1949cf8c6b5b557f/tungstenite-0.26.2/src/handshake/client.rs:101] Client handshake done.
[2025-09-03 18:07:13.195 DEBUG /Users/justin/.cargo/registry/src/index.crates.io-1949cf8c6b5b557f/tungstenite-0.26.2/src/handshake/client.rs:101] Client handshake done.
[2025-09-03 18:07:13.216 DEBUG /Users/justin/.cargo/registry/src/index.crates.io-1949cf8c6b5b557f/tungstenite-0.26.2/src/handshake/client.rs:101] Client handshake done.
[2025-09-03 18:07:13.265 DEBUG /Users/justin/.cargo/registry/src/index.crates.io-1949cf8c6b5b557f/tungstenite-0.26.2/src/handshake/client.rs:101] Client handshake done.
[2025-09-03 18:07:13.281 DEBUG /Users/justin/.cargo/registry/src/index.crates.io-1949cf8c6b5b557f/tungstenite-0.26.2/src/handshake/client.rs:101] Client handshake done.
[2025-09-03 18:12:06.915 INFO src/main.rs:50] Starting NRC
[2025-09-03 18:12:07.647 DEBUG /Users/justin/.cargo/registry/src/index.crates.io-1949cf8c6b5b557f/tungstenite-0.26.2/src/handshake/client.rs:101] Client handshake done.
[2025-09-03 18:12:07.713 DEBUG /Users/justin/.cargo/registry/src/index.crates.io-1949cf8c6b5b557f/tungstenite-0.26.2/src/handshake/client.rs:101] Client handshake done.
[2025-09-03 18:12:07.773 DEBUG /Users/justin/.cargo/registry/src/index.crates.io-1949cf8c6b5b557f/tungstenite-0.26.2/src/handshake/client.rs:101] Client handshake done.
[2025-09-03 18:12:07.784 DEBUG /Users/justin/.cargo/registry/src/index.crates.io-1949cf8c6b5b557f/tungstenite-0.26.2/src/handshake/client.rs:101] Client handshake done.
[2025-09-03 18:12:07.876 DEBUG /Users/justin/.cargo/registry/src/index.crates.io-1949cf8c6b5b557f/tungstenite-0.26.2/src/handshake/client.rs:101] Client handshake done.
[2025-09-03 18:13:20.306 DEBUG /Users/justin/.cargo/registry/src/index.crates.io-1949cf8c6b5b557f/tungstenite-0.26.2/src/handshake/client.rs:101] Client handshake done.
[2025-09-03 18:19:30.594 INFO src/main.rs:50] Starting NRC
[2025-09-03 18:19:31.380 DEBUG /Users/justin/.cargo/registry/src/index.crates.io-1949cf8c6b5b557f/tungstenite-0.26.2/src/handshake/client.rs:101] Client handshake done.
[2025-09-03 18:19:31.489 DEBUG /Users/justin/.cargo/registry/src/index.crates.io-1949cf8c6b5b557f/tungstenite-0.26.2/src/handshake/client.rs:101] Client handshake done.
[2025-09-03 18:19:31.522 DEBUG /Users/justin/.cargo/registry/src/index.crates.io-1949cf8c6b5b557f/tungstenite-0.26.2/src/handshake/client.rs:101] Client handshake done.
[2025-09-03 18:19:31.531 DEBUG /Users/justin/.cargo/registry/src/index.crates.io-1949cf8c6b5b557f/tungstenite-0.26.2/src/handshake/client.rs:101] Client handshake done.
[2025-09-03 18:19:31.586 DEBUG /Users/justin/.cargo/registry/src/index.crates.io-1949cf8c6b5b557f/tungstenite-0.26.2/src/handshake/client.rs:101] Client handshake done.
[2025-09-03 18:19:54.789 INFO src/main.rs:50] Starting NRC
[2025-09-03 18:19:55.402 DEBUG /Users/justin/.cargo/registry/src/index.crates.io-1949cf8c6b5b557f/tungstenite-0.26.2/src/handshake/client.rs:101] Client handshake done.
[2025-09-03 18:19:55.450 DEBUG /Users/justin/.cargo/registry/src/index.crates.io-1949cf8c6b5b557f/tungstenite-0.26.2/src/handshake/client.rs:101] Client handshake done.
[2025-09-03 18:19:55.507 DEBUG /Users/justin/.cargo/registry/src/index.crates.io-1949cf8c6b5b557f/tungstenite-0.26.2/src/handshake/client.rs:101] Client handshake done.
[2025-09-03 18:19:55.537 DEBUG /Users/justin/.cargo/registry/src/index.crates.io-1949cf8c6b5b557f/tungstenite-0.26.2/src/handshake/client.rs:101] Client handshake done.
[2025-09-03 18:19:55.571 DEBUG /Users/justin/.cargo/registry/src/index.crates.io-1949cf8c6b5b557f/tungstenite-0.26.2/src/handshake/client.rs:101] Client handshake done.
[2025-09-03 18:20:44.752 INFO src/main.rs:50] Starting NRC
[2025-09-03 18:20:45.366 DEBUG /Users/justin/.cargo/registry/src/index.crates.io-1949cf8c6b5b557f/tungstenite-0.26.2/src/handshake/client.rs:101] Client handshake done.
[2025-09-03 18:20:45.391 DEBUG /Users/justin/.cargo/registry/src/index.crates.io-1949cf8c6b5b557f/tungstenite-0.26.2/src/handshake/client.rs:101] Client handshake done.
[2025-09-03 18:20:45.395 DEBUG /Users/justin/.cargo/registry/src/index.crates.io-1949cf8c6b5b557f/tungstenite-0.26.2/src/handshake/client.rs:101] Client handshake done.
[2025-09-03 18:20:45.446 DEBUG /Users/justin/.cargo/registry/src/index.crates.io-1949cf8c6b5b557f/tungstenite-0.26.2/src/handshake/client.rs:101] Client handshake done.
[2025-09-03 18:20:45.451 DEBUG /Users/justin/.cargo/registry/src/index.crates.io-1949cf8c6b5b557f/tungstenite-0.26.2/src/handshake/client.rs:101] Client handshake done.
[2025-09-03 18:21:09.566 INFO src/main.rs:50] Starting NRC
[2025-09-03 18:21:10.210 DEBUG /Users/justin/.cargo/registry/src/index.crates.io-1949cf8c6b5b557f/tungstenite-0.26.2/src/handshake/client.rs:101] Client handshake done.
[2025-09-03 18:21:10.211 DEBUG /Users/justin/.cargo/registry/src/index.crates.io-1949cf8c6b5b557f/tungstenite-0.26.2/src/handshake/client.rs:101] Client handshake done.
[2025-09-03 18:21:10.281 DEBUG /Users/justin/.cargo/registry/src/index.crates.io-1949cf8c6b5b557f/tungstenite-0.26.2/src/handshake/client.rs:101] Client handshake done.
[2025-09-03 18:21:10.282 DEBUG /Users/justin/.cargo/registry/src/index.crates.io-1949cf8c6b5b557f/tungstenite-0.26.2/src/handshake/client.rs:101] Client handshake done.
[2025-09-03 18:21:10.511 DEBUG /Users/justin/.cargo/registry/src/index.crates.io-1949cf8c6b5b557f/tungstenite-0.26.2/src/handshake/client.rs:101] Client handshake done.
[2025-09-03 18:21:26.736 INFO src/main.rs:50] Starting NRC
[2025-09-03 18:21:27.298 DEBUG /Users/justin/.cargo/registry/src/index.crates.io-1949cf8c6b5b557f/tungstenite-0.26.2/src/handshake/client.rs:101] Client handshake done.
[2025-09-03 18:21:27.435 DEBUG /Users/justin/.cargo/registry/src/index.crates.io-1949cf8c6b5b557f/tungstenite-0.26.2/src/handshake/client.rs:101] Client handshake done.
[2025-09-03 18:21:27.455 DEBUG /Users/justin/.cargo/registry/src/index.crates.io-1949cf8c6b5b557f/tungstenite-0.26.2/src/handshake/client.rs:101] Client handshake done.
[2025-09-03 18:21:27.456 DEBUG /Users/justin/.cargo/registry/src/index.crates.io-1949cf8c6b5b557f/tungstenite-0.26.2/src/handshake/client.rs:101] Client handshake done.
[2025-09-03 18:21:27.468 DEBUG /Users/justin/.cargo/registry/src/index.crates.io-1949cf8c6b5b557f/tungstenite-0.26.2/src/handshake/client.rs:101] Client handshake done.
[2025-09-03 18:21:58.687 INFO src/main.rs:50] Starting NRC
[2025-09-03 18:21:59.301 DEBUG /Users/justin/.cargo/registry/src/index.crates.io-1949cf8c6b5b557f/tungstenite-0.26.2/src/handshake/client.rs:101] Client handshake done.
[2025-09-03 18:21:59.344 DEBUG /Users/justin/.cargo/registry/src/index.crates.io-1949cf8c6b5b557f/tungstenite-0.26.2/src/handshake/client.rs:101] Client handshake done.
[2025-09-03 18:21:59.348 DEBUG /Users/justin/.cargo/registry/src/index.crates.io-1949cf8c6b5b557f/tungstenite-0.26.2/src/handshake/client.rs:101] Client handshake done.
[2025-09-03 18:21:59.381 DEBUG /Users/justin/.cargo/registry/src/index.crates.io-1949cf8c6b5b557f/tungstenite-0.26.2/src/handshake/client.rs:101] Client handshake done.
[2025-09-03 18:21:59.450 DEBUG /Users/justin/.cargo/registry/src/index.crates.io-1949cf8c6b5b557f/tungstenite-0.26.2/src/handshake/client.rs:101] Client handshake done.
[2025-09-03 18:23:32.077 INFO src/main.rs:50] Starting NRC
[2025-09-03 18:23:32.681 DEBUG /Users/justin/.cargo/registry/src/index.crates.io-1949cf8c6b5b557f/tungstenite-0.26.2/src/handshake/client.rs:101] Client handshake done.
[2025-09-03 18:23:32.792 DEBUG /Users/justin/.cargo/registry/src/index.crates.io-1949cf8c6b5b557f/tungstenite-0.26.2/src/handshake/client.rs:101] Client handshake done.
[2025-09-03 18:23:33.107 DEBUG /Users/justin/.cargo/registry/src/index.crates.io-1949cf8c6b5b557f/tungstenite-0.26.2/src/handshake/client.rs:101] Client handshake done.
[2025-09-03 18:23:33.142 DEBUG /Users/justin/.cargo/registry/src/index.crates.io-1949cf8c6b5b557f/tungstenite-0.26.2/src/handshake/client.rs:101] Client handshake done.
[2025-09-03 18:23:33.477 DEBUG /Users/justin/.cargo/registry/src/index.crates.io-1949cf8c6b5b557f/tungstenite-0.26.2/src/handshake/client.rs:101] Client handshake done.
[2025-09-03 18:23:37.426 DEBUG src/main.rs:193] Input after char 'l': 'l'
[2025-09-03 18:23:37.489 DEBUG src/main.rs:193] Input after char 'k': 'lk'
[2025-09-03 18:23:37.525 DEBUG src/main.rs:193] Input after char 'j': 'lkj'
[2025-09-03 18:23:37.552 DEBUG src/main.rs:193] Input after char 's': 'lkjs'
[2025-09-03 18:23:37.610 DEBUG src/main.rs:193] Input after char 'd': 'lkjsd'
[2025-09-03 18:23:37.653 DEBUG src/main.rs:193] Input after char 'f': 'lkjsdf'
[2025-09-03 18:23:38.950 DEBUG src/main.rs:193] Input after char 'l': 'l'
[2025-09-03 18:23:39.040 DEBUG src/main.rs:193] Input after char 'k': 'lk'
[2025-09-03 18:23:39.049 DEBUG src/main.rs:193] Input after char 'j': 'lkj'
[2025-09-03 18:23:39.086 DEBUG src/main.rs:193] Input after char 's': 'lkjs'
[2025-09-03 18:23:39.160 DEBUG src/main.rs:193] Input after char 'd': 'lkjsd'
[2025-09-03 18:23:39.183 DEBUG src/main.rs:193] Input after char 'f': 'lkjsdf'
[2025-09-03 18:23:39.223 DEBUG src/main.rs:193] Input after char 'l': 'lkjsdfl'
[2025-09-03 18:23:39.303 DEBUG src/main.rs:193] Input after char 'j': 'lkjsdflj'
[2025-09-03 18:23:39.311 DEBUG src/main.rs:193] Input after char 'k': 'lkjsdfljk'
[2025-09-03 18:23:39.362 DEBUG src/main.rs:193] Input after char 's': 'lkjsdfljks'
[2025-09-03 18:23:39.429 DEBUG src/main.rs:193] Input after char 'd': 'lkjsdfljksd'
[2025-09-03 18:23:39.444 DEBUG src/main.rs:193] Input after char 'k': 'lkjsdfljksdk'
[2025-09-03 18:23:39.448 DEBUG src/main.rs:193] Input after char 'l': 'lkjsdfljksdkl'
[2025-09-03 18:23:39.458 DEBUG src/main.rs:193] Input after char 'f': 'lkjsdfljksdklf'
[2025-09-03 18:24:10.437 DEBUG src/main.rs:193] Input after char '/': 'lkjsdfljksdklf/'
[2025-09-03 18:24:11.459 DEBUG src/main.rs:193] Input after char '/': '/'
[2025-09-03 18:24:11.744 DEBUG src/main.rs:193] Input after char 'n': '/n'
[2025-09-03 18:24:17.501 INFO src/main.rs:50] Starting NRC
[2025-09-03 18:24:18.131 DEBUG /Users/justin/.cargo/registry/src/index.crates.io-1949cf8c6b5b557f/tungstenite-0.26.2/src/handshake/client.rs:101] Client handshake done.
[2025-09-03 18:24:18.161 DEBUG /Users/justin/.cargo/registry/src/index.crates.io-1949cf8c6b5b557f/tungstenite-0.26.2/src/handshake/client.rs:101] Client handshake done.
[2025-09-03 18:24:18.170 DEBUG /Users/justin/.cargo/registry/src/index.crates.io-1949cf8c6b5b557f/tungstenite-0.26.2/src/handshake/client.rs:101] Client handshake done.
[2025-09-03 18:24:18.268 DEBUG /Users/justin/.cargo/registry/src/index.crates.io-1949cf8c6b5b557f/tungstenite-0.26.2/src/handshake/client.rs:101] Client handshake done.
[2025-09-03 18:24:18.342 DEBUG /Users/justin/.cargo/registry/src/index.crates.io-1949cf8c6b5b557f/tungstenite-0.26.2/src/handshake/client.rs:101] Client handshake done.
[2025-09-03 18:24:25.413 DEBUG src/main.rs:193] Input after char '/': '/'
[2025-09-03 18:24:26.530 DEBUG src/main.rs:193] Input after char 'j': '/j'
[2025-09-03 18:24:26.770 DEBUG src/main.rs:193] Input after char ' ': '/j '
[2025-09-03 18:24:26.994 DEBUG src/main.rs:193] Input after char 'n': '/j n'
[2025-09-03 18:24:26.996 DEBUG src/main.rs:193] Input after char 'p': '/j np'
[2025-09-03 18:24:26.998 DEBUG src/main.rs:193] Input after char 'u': '/j npu'
[2025-09-03 18:24:27.000 DEBUG src/main.rs:193] Input after char 'b': '/j npub'
[2025-09-03 18:24:27.002 DEBUG src/main.rs:193] Input after char '1': '/j npub1'
[2025-09-03 18:24:27.004 DEBUG src/main.rs:193] Input after char 't': '/j npub1t'
[2025-09-03 18:24:27.006 DEBUG src/main.rs:193] Input after char 'x': '/j npub1tx'
[2025-09-03 18:24:27.007 DEBUG src/main.rs:193] Input after char 'w': '/j npub1txw'
[2025-09-03 18:24:27.009 DEBUG src/main.rs:193] Input after char 'g': '/j npub1txwg'
[2025-09-03 18:24:27.010 DEBUG src/main.rs:193] Input after char '8': '/j npub1txwg8'
[2025-09-03 18:24:27.012 DEBUG src/main.rs:193] Input after char 'w': '/j npub1txwg8w'
[2025-09-03 18:24:27.014 DEBUG src/main.rs:193] Input after char 'r': '/j npub1txwg8wr'
[2025-09-03 18:24:27.015 DEBUG src/main.rs:193] Input after char 'v': '/j npub1txwg8wrv'
[2025-09-03 18:24:27.017 DEBUG src/main.rs:193] Input after char 'f': '/j npub1txwg8wrvf'
[2025-09-03 18:24:27.018 DEBUG src/main.rs:193] Input after char 's': '/j npub1txwg8wrvfs'
[2025-09-03 18:24:27.020 DEBUG src/main.rs:193] Input after char '7': '/j npub1txwg8wrvfs7'
[2025-09-03 18:24:27.021 DEBUG src/main.rs:193] Input after char 'q': '/j npub1txwg8wrvfs7q'
[2025-09-03 18:24:27.023 DEBUG src/main.rs:193] Input after char 'm': '/j npub1txwg8wrvfs7qm'
[2025-09-03 18:24:27.024 DEBUG src/main.rs:193] Input after char 'q': '/j npub1txwg8wrvfs7qmq'
[2025-09-03 18:24:27.026 DEBUG src/main.rs:193] Input after char 'r': '/j npub1txwg8wrvfs7qmqr'
[2025-09-03 18:24:27.027 DEBUG src/main.rs:193] Input after char 'x': '/j npub1txwg8wrvfs7qmqrx'
[2025-09-03 18:24:27.029 DEBUG src/main.rs:193] Input after char 'f': '/j npub1txwg8wrvfs7qmqrxf'
[2025-09-03 18:24:27.030 DEBUG src/main.rs:193] Input after char 'm': '/j npub1txwg8wrvfs7qmqrxfm'
[2025-09-03 18:24:27.032 DEBUG src/main.rs:193] Input after char '4': '/j npub1txwg8wrvfs7qmqrxfm4'
[2025-09-03 18:24:27.033 DEBUG src/main.rs:193] Input after char 'v': '/j npub1txwg8wrvfs7qmqrxfm4v'
[2025-09-03 18:24:27.034 DEBUG src/main.rs:193] Input after char 'f': '/j npub1txwg8wrvfs7qmqrxfm4vf'
[2025-09-03 18:24:27.036 DEBUG src/main.rs:193] Input after char '2': '/j npub1txwg8wrvfs7qmqrxfm4vf2'
[2025-09-03 18:24:27.037 DEBUG src/main.rs:193] Input after char 'g': '/j npub1txwg8wrvfs7qmqrxfm4vf2g'
[2025-09-03 18:24:27.038 DEBUG src/main.rs:193] Input after char 'y': '/j npub1txwg8wrvfs7qmqrxfm4vf2gy'
[2025-09-03 18:24:27.040 DEBUG src/main.rs:193] Input after char '8': '/j npub1txwg8wrvfs7qmqrxfm4vf2gy8'
[2025-09-03 18:24:27.041 DEBUG src/main.rs:193] Input after char 'n': '/j npub1txwg8wrvfs7qmqrxfm4vf2gy8n'
[2025-09-03 18:24:27.042 DEBUG src/main.rs:193] Input after char '7': '/j npub1txwg8wrvfs7qmqrxfm4vf2gy8n7'
[2025-09-03 18:24:27.044 DEBUG src/main.rs:193] Input after char 'c': '/j npub1txwg8wrvfs7qmqrxfm4vf2gy8n7c'
[2025-09-03 18:24:27.045 DEBUG src/main.rs:193] Input after char 't': '/j npub1txwg8wrvfs7qmqrxfm4vf2gy8n7ct'
[2025-09-03 18:24:27.046 DEBUG src/main.rs:193] Input after char 'm': '/j npub1txwg8wrvfs7qmqrxfm4vf2gy8n7ctm'
[2025-09-03 18:24:27.047 DEBUG src/main.rs:193] Input after char 'k': '/j npub1txwg8wrvfs7qmqrxfm4vf2gy8n7ctmk'
[2025-09-03 18:24:27.049 DEBUG src/main.rs:193] Input after char 'x': '/j npub1txwg8wrvfs7qmqrxfm4vf2gy8n7ctmkx'
[2025-09-03 18:24:27.050 DEBUG src/main.rs:193] Input after char '9': '/j npub1txwg8wrvfs7qmqrxfm4vf2gy8n7ctmkx9'
[2025-09-03 18:24:27.051 DEBUG src/main.rs:193] Input after char 'f': '/j npub1txwg8wrvfs7qmqrxfm4vf2gy8n7ctmkx9f'
[2025-09-03 18:24:27.052 DEBUG src/main.rs:193] Input after char '7': '/j npub1txwg8wrvfs7qmqrxfm4vf2gy8n7ctmkx9f7'
[2025-09-03 18:24:27.054 DEBUG src/main.rs:193] Input after char '8': '/j npub1txwg8wrvfs7qmqrxfm4vf2gy8n7ctmkx9f78'
[2025-09-03 18:24:27.055 DEBUG src/main.rs:193] Input after char 'l': '/j npub1txwg8wrvfs7qmqrxfm4vf2gy8n7ctmkx9f78l'
[2025-09-03 18:24:27.056 DEBUG src/main.rs:193] Input after char 'j': '/j npub1txwg8wrvfs7qmqrxfm4vf2gy8n7ctmkx9f78lj'
[2025-09-03 18:24:27.057 DEBUG src/main.rs:193] Input after char 'm': '/j npub1txwg8wrvfs7qmqrxfm4vf2gy8n7ctmkx9f78ljm'
[2025-09-03 18:24:27.058 DEBUG src/main.rs:193] Input after char 'a': '/j npub1txwg8wrvfs7qmqrxfm4vf2gy8n7ctmkx9f78ljma'
[2025-09-03 18:24:27.060 DEBUG src/main.rs:193] Input after char 'h': '/j npub1txwg8wrvfs7qmqrxfm4vf2gy8n7ctmkx9f78ljmah'
[2025-09-03 18:24:27.061 DEBUG src/main.rs:193] Input after char '2': '/j npub1txwg8wrvfs7qmqrxfm4vf2gy8n7ctmkx9f78ljmah2'
[2025-09-03 18:24:27.062 DEBUG src/main.rs:193] Input after char 's': '/j npub1txwg8wrvfs7qmqrxfm4vf2gy8n7ctmkx9f78ljmah2s'
[2025-09-03 18:24:27.063 DEBUG src/main.rs:193] Input after char '6': '/j npub1txwg8wrvfs7qmqrxfm4vf2gy8n7ctmkx9f78ljmah2s6'
[2025-09-03 18:24:27.064 DEBUG src/main.rs:193] Input after char 'u': '/j npub1txwg8wrvfs7qmqrxfm4vf2gy8n7ctmkx9f78ljmah2s6u'
[2025-09-03 18:24:27.066 DEBUG src/main.rs:193] Input after char 't': '/j npub1txwg8wrvfs7qmqrxfm4vf2gy8n7ctmkx9f78ljmah2s6ut'
[2025-09-03 18:24:27.067 DEBUG src/main.rs:193] Input after char 'p': '/j npub1txwg8wrvfs7qmqrxfm4vf2gy8n7ctmkx9f78ljmah2s6utp'
[2025-09-03 18:24:27.068 DEBUG src/main.rs:193] Input after char 'p': '/j npub1txwg8wrvfs7qmqrxfm4vf2gy8n7ctmkx9f78ljmah2s6utpp'
[2025-09-03 18:24:27.069 DEBUG src/main.rs:193] Input after char 'l': '/j npub1txwg8wrvfs7qmqrxfm4vf2gy8n7ctmkx9f78ljmah2s6utppl'
[2025-09-03 18:24:27.070 DEBUG src/main.rs:193] Input after char 'e': '/j npub1txwg8wrvfs7qmqrxfm4vf2gy8n7ctmkx9f78ljmah2s6utpple'
[2025-09-03 18:24:27.071 DEBUG src/main.rs:193] Input after char '3': '/j npub1txwg8wrvfs7qmqrxfm4vf2gy8n7ctmkx9f78ljmah2s6utpple3'
[2025-09-03 18:24:27.072 DEBUG src/main.rs:193] Input after char 'q': '/j npub1txwg8wrvfs7qmqrxfm4vf2gy8n7ctmkx9f78ljmah2s6utpple3q'
[2025-09-03 18:24:27.074 DEBUG src/main.rs:193] Input after char 'z': '/j npub1txwg8wrvfs7qmqrxfm4vf2gy8n7ctmkx9f78ljmah2s6utpple3qz'
[2025-09-03 18:24:27.075 DEBUG src/main.rs:193] Input after char 'v': '/j npub1txwg8wrvfs7qmqrxfm4vf2gy8n7ctmkx9f78ljmah2s6utpple3qzv'
[2025-09-03 18:24:27.076 DEBUG src/main.rs:193] Input after char 'a': '/j npub1txwg8wrvfs7qmqrxfm4vf2gy8n7ctmkx9f78ljmah2s6utpple3qzva'
[2025-09-03 18:24:27.077 DEBUG src/main.rs:193] Input after char '5': '/j npub1txwg8wrvfs7qmqrxfm4vf2gy8n7ctmkx9f78ljmah2s6utpple3qzva5'
[2025-09-03 18:24:27.078 DEBUG src/main.rs:193] Input after char 'z': '/j npub1txwg8wrvfs7qmqrxfm4vf2gy8n7ctmkx9f78ljmah2s6utpple3qzva5z'
[2025-09-03 18:24:27.079 DEBUG src/main.rs:193] Input after char '4': '/j npub1txwg8wrvfs7qmqrxfm4vf2gy8n7ctmkx9f78ljmah2s6utpple3qzva5z4'
[2025-09-03 18:24:29.418 DEBUG /Users/justin/code/nrc/nrc-bare/worktrees/ok-let-s/src/lib.rs:177] Found key package on attempt 1
[2025-09-03 18:24:29.420 DEBUG /Users/justin/.cargo/registry/src/index.crates.io-1949cf8c6b5b557f/openmls-0.7.0/src/schedule/mod.rs:421] Initializing the key schedule with MLS_128_DHKEMX25519_AES128GCM_SHA256_Ed25519 ...
[2025-09-03 18:24:29.420 DEBUG /Users/justin/.cargo/registry/src/index.crates.io-1949cf8c6b5b557f/openmls-0.7.0/src/schedule/mod.rs:1126] Computing EpochSecrets from epoch secret with MLS_128_DHKEMX25519_AES128GCM_SHA256_Ed25519
[2025-09-03 18:24:29.420 DEBUG /Users/justin/.cargo/registry/src/index.crates.io-1949cf8c6b5b557f/openmls-0.7.0/src/schedule/mod.rs:794] Computing confirmation key.
[2025-09-03 18:24:29.421 DEBUG /Users/justin/.cargo/registry/src/index.crates.io-1949cf8c6b5b557f/openmls-0.7.0/src/schedule/mod.rs:820] Computing confirmation tag.
[2025-09-03 18:24:29.421 DEBUG /Users/justin/.cargo/registry/src/index.crates.io-1949cf8c6b5b557f/openmls_memory_storage-0.4.0/src/lib.rs:791] Writing encryption epoch key pairs
[2025-09-03 18:24:29.422 DEBUG /Users/justin/.cargo/registry/src/index.crates.io-1949cf8c6b5b557f/openmls-0.7.0/src/group/public_group/diff/apply_proposals.rs:58] Applying proposal
[2025-09-03 18:24:29.425 DEBUG /Users/justin/.cargo/registry/src/index.crates.io-1949cf8c6b5b557f/openmls-0.7.0/src/schedule/mod.rs:421] Initializing the key schedule with MLS_128_DHKEMX25519_AES128GCM_SHA256_Ed25519 ...
[2025-09-03 18:24:29.425 DEBUG /Users/justin/.cargo/registry/src/index.crates.io-1949cf8c6b5b557f/openmls-0.7.0/src/schedule/mod.rs:1126] Computing EpochSecrets from epoch secret with MLS_128_DHKEMX25519_AES128GCM_SHA256_Ed25519
[2025-09-03 18:24:29.425 DEBUG /Users/justin/.cargo/registry/src/index.crates.io-1949cf8c6b5b557f/openmls-0.7.0/src/schedule/mod.rs:794] Computing confirmation key.
[2025-09-03 18:24:29.425 DEBUG /Users/justin/.cargo/registry/src/index.crates.io-1949cf8c6b5b557f/openmls-0.7.0/src/schedule/mod.rs:820] Computing confirmation tag.
[2025-09-03 18:24:29.428 DEBUG /Users/justin/.cargo/registry/src/index.crates.io-1949cf8c6b5b557f/openmls-0.7.0/src/framing/private_message.rs:77] PrivateMessage::try_from_authenticated_content
[2025-09-03 18:24:29.428 DEBUG /Users/justin/.cargo/registry/src/index.crates.io-1949cf8c6b5b557f/openmls-0.7.0/src/tree/secret_tree.rs:84] Derive tree secret with label "nonce" in generation 0 of length 12
[2025-09-03 18:24:29.429 DEBUG /Users/justin/.cargo/registry/src/index.crates.io-1949cf8c6b5b557f/openmls-0.7.0/src/tree/secret_tree.rs:84] Derive tree secret with label "key" in generation 0 of length 16
[2025-09-03 18:24:29.429 DEBUG /Users/justin/.cargo/registry/src/index.crates.io-1949cf8c6b5b557f/openmls-0.7.0/src/tree/secret_tree.rs:84] Derive tree secret with label "secret" in generation 0 of length 32
[2025-09-03 18:24:29.429 DEBUG /Users/justin/.cargo/registry/src/index.crates.io-1949cf8c6b5b557f/openmls-0.7.0/src/schedule/mod.rs:919] Getting ciphertext sample of length 32
[2025-09-03 18:24:29.429 DEBUG /Users/justin/.cargo/registry/src/index.crates.io-1949cf8c6b5b557f/openmls-0.7.0/src/schedule/mod.rs:958] SenderDataSecret::derive_aead_key ciphertext sample: [2c, 98, a4, b7, e2, 8e, a3, fe, d4, 61, df, 50, 40, 2c, dd, ed, c6, 6f, 35, 21, 37, e6, ff, 39, 4e, f, 89, c3, 5c, 26, 5a, b4]
[2025-09-03 18:24:29.429 DEBUG /Users/justin/.cargo/registry/src/index.crates.io-1949cf8c6b5b557f/openmls-0.7.0/src/schedule/mod.rs:919] Getting ciphertext sample of length 32
[2025-09-03 18:24:29.429 DEBUG /Users/justin/.cargo/registry/src/index.crates.io-1949cf8c6b5b557f/openmls-0.7.0/src/schedule/mod.rs:977] SenderDataSecret::derive_aead_nonce ciphertext sample: [2c, 98, a4, b7, e2, 8e, a3, fe, d4, 61, df, 50, 40, 2c, dd, ed, c6, 6f, 35, 21, 37, e6, ff, 39, 4e, f, 89, c3, 5c, 26, 5a, b4]
[2025-09-03 18:24:29.429 DEBUG /Users/justin/.cargo/registry/src/index.crates.io-1949cf8c6b5b557f/openmls_memory_storage-0.4.0/src/lib.rs:813] Reading encryption epoch key pairs
[2025-09-03 18:24:29.430 DEBUG /Users/justin/.cargo/registry/src/index.crates.io-1949cf8c6b5b557f/openmls_memory_storage-0.4.0/src/lib.rs:791] Writing encryption epoch key pairs
[2025-09-03 18:24:37.534 DEBUG src/main.rs:193] Input after char '/': '/'
[2025-09-03 18:24:37.804 DEBUG src/main.rs:193] Input after char 'e': '/e'
[2025-09-03 18:24:42.909 DEBUG /Users/justin/.cargo/registry/src/index.crates.io-1949cf8c6b5b557f/openmls-0.7.0/src/framing/private_message.rs:77] PrivateMessage::try_from_authenticated_content
[2025-09-03 18:24:42.910 DEBUG /Users/justin/.cargo/registry/src/index.crates.io-1949cf8c6b5b557f/openmls-0.7.0/src/tree/secret_tree.rs:394] Deriving tree secret for parent node 0 with MLS_128_DHKEMX25519_AES128GCM_SHA256_Ed25519
[2025-09-03 18:24:42.910 DEBUG /Users/justin/.cargo/registry/src/index.crates.io-1949cf8c6b5b557f/openmls-0.7.0/src/tree/secret_tree.rs:84] Derive tree secret with label "nonce" in generation 0 of length 12
[2025-09-03 18:24:42.911 DEBUG /Users/justin/.cargo/registry/src/index.crates.io-1949cf8c6b5b557f/openmls-0.7.0/src/tree/secret_tree.rs:84] Derive tree secret with label "key" in generation 0 of length 16
[2025-09-03 18:24:42.911 DEBUG /Users/justin/.cargo/registry/src/index.crates.io-1949cf8c6b5b557f/openmls-0.7.0/src/tree/secret_tree.rs:84] Derive tree secret with label "secret" in generation 0 of length 32
[2025-09-03 18:24:42.911 DEBUG /Users/justin/.cargo/registry/src/index.crates.io-1949cf8c6b5b557f/openmls-0.7.0/src/schedule/mod.rs:919] Getting ciphertext sample of length 32
[2025-09-03 18:24:42.911 DEBUG /Users/justin/.cargo/registry/src/index.crates.io-1949cf8c6b5b557f/openmls-0.7.0/src/schedule/mod.rs:958] SenderDataSecret::derive_aead_key ciphertext sample: [cb, 68, 18, a7, 45, e0, 38, f9, 82, 9c, b2, b1, 20, cc, 8f, 77, 2f, 55, 58, 85, e, 53, e0, 44, 19, 3, aa, 48, bd, 4, 5a, 78]
[2025-09-03 18:24:42.912 DEBUG /Users/justin/.cargo/registry/src/index.crates.io-1949cf8c6b5b557f/openmls-0.7.0/src/schedule/mod.rs:919] Getting ciphertext sample of length 32
[2025-09-03 18:24:42.912 DEBUG /Users/justin/.cargo/registry/src/index.crates.io-1949cf8c6b5b557f/openmls-0.7.0/src/schedule/mod.rs:977] SenderDataSecret::derive_aead_nonce ciphertext sample: [cb, 68, 18, a7, 45, e0, 38, f9, 82, 9c, b2, b1, 20, cc, 8f, 77, 2f, 55, 58, 85, e, 53, e0, 44, 19, 3, aa, 48, bd, 4, 5a, 78]
[2025-09-03 18:24:42.919 DEBUG /Users/justin/code/nrc/nrc-bare/worktrees/ok-let-s/src/lib.rs:351] Sending message event: id=2ff572566c72083239d4f3bbf4326be810f29b90ea0a213098e6b428306d38a5, kind=445
[2025-09-03 18:24:51.281 DEBUG /Users/justin/.cargo/registry/src/index.crates.io-1949cf8c6b5b557f/openmls-0.7.0/src/framing/private_message.rs:77] PrivateMessage::try_from_authenticated_content
[2025-09-03 18:24:51.281 DEBUG /Users/justin/.cargo/registry/src/index.crates.io-1949cf8c6b5b557f/openmls-0.7.0/src/tree/secret_tree.rs:84] Derive tree secret with label "nonce" in generation 1 of length 12
[2025-09-03 18:24:51.282 DEBUG /Users/justin/.cargo/registry/src/index.crates.io-1949cf8c6b5b557f/openmls-0.7.0/src/tree/secret_tree.rs:84] Derive tree secret with label "key" in generation 1 of length 16
[2025-09-03 18:24:51.282 DEBUG /Users/justin/.cargo/registry/src/index.crates.io-1949cf8c6b5b557f/openmls-0.7.0/src/tree/secret_tree.rs:84] Derive tree secret with label "secret" in generation 1 of length 32
[2025-09-03 18:24:51.282 DEBUG /Users/justin/.cargo/registry/src/index.crates.io-1949cf8c6b5b557f/openmls-0.7.0/src/schedule/mod.rs:919] Getting ciphertext sample of length 32
[2025-09-03 18:24:51.282 DEBUG /Users/justin/.cargo/registry/src/index.crates.io-1949cf8c6b5b557f/openmls-0.7.0/src/schedule/mod.rs:958] SenderDataSecret::derive_aead_key ciphertext sample: [d7, 14, f4, ea, cf, 24, 5f, 90, 24, 45, 9e, fd, a1, 3c, 9d, 60, cb, 57, ea, ab, 3e, 73, 2, 1c, 1a, 9e, e3, b6, f0, 6c, 39, ae]
[2025-09-03 18:24:51.282 DEBUG /Users/justin/.cargo/registry/src/index.crates.io-1949cf8c6b5b557f/openmls-0.7.0/src/schedule/mod.rs:919] Getting ciphertext sample of length 32
[2025-09-03 18:24:51.282 DEBUG /Users/justin/.cargo/registry/src/index.crates.io-1949cf8c6b5b557f/openmls-0.7.0/src/schedule/mod.rs:977] SenderDataSecret::derive_aead_nonce ciphertext sample: [d7, 14, f4, ea, cf, 24, 5f, 90, 24, 45, 9e, fd, a1, 3c, 9d, 60, cb, 57, ea, ab, 3e, 73, 2, 1c, 1a, 9e, e3, b6, f0, 6c, 39, ae]
[2025-09-03 18:24:51.287 DEBUG /Users/justin/code/nrc/nrc-bare/worktrees/ok-let-s/src/lib.rs:351] Sending message event: id=a7550c7a3049a52b646be6b83f2c34488df39f7d45d491f577d3a18f2276825b, kind=445
[2025-09-03 18:24:54.711 DEBUG src/main.rs:193] Input after char '/': '/'
[2025-09-03 18:24:58.376 DEBUG src/main.rs:193] Input after char '/': '//'
[2025-09-03 18:24:58.610 DEBUG src/main.rs:193] Input after char 'j': '//j'
[2025-09-03 18:24:59.317 DEBUG src/main.rs:193] Input after char 'j': '/j'
[2025-09-03 18:24:59.499 DEBUG src/main.rs:193] Input after char ' ': '/j '
[2025-09-03 18:24:59.747 DEBUG src/main.rs:193] Input after char 'n': '/j n'
[2025-09-03 18:24:59.751 DEBUG src/main.rs:193] Input after char 'p': '/j np'
[2025-09-03 18:24:59.754 DEBUG src/main.rs:193] Input after char 'u': '/j npu'
[2025-09-03 18:24:59.757 DEBUG src/main.rs:193] Input after char 'b': '/j npub'
[2025-09-03 18:24:59.759 DEBUG src/main.rs:193] Input after char '1': '/j npub1'
[2025-09-03 18:24:59.762 DEBUG src/main.rs:193] Input after char 'v': '/j npub1v'
[2025-09-03 18:24:59.764 DEBUG src/main.rs:193] Input after char '3': '/j npub1v3'
[2025-09-03 18:24:59.766 DEBUG src/main.rs:193] Input after char 'k': '/j npub1v3k'
[2025-09-03 18:24:59.768 DEBUG src/main.rs:193] Input after char '0': '/j npub1v3k0'
[2025-09-03 18:24:59.770 DEBUG src/main.rs:193] Input after char 'd': '/j npub1v3k0d'
[2025-09-03 18:24:59.772 DEBUG src/main.rs:193] Input after char 's': '/j npub1v3k0ds'
[2025-09-03 18:24:59.774 DEBUG src/main.rs:193] Input after char 'p': '/j npub1v3k0dsp'
[2025-09-03 18:24:59.776 DEBUG src/main.rs:193] Input after char 'w': '/j npub1v3k0dspw'
[2025-09-03 18:24:59.777 DEBUG src/main.rs:193] Input after char 'a': '/j npub1v3k0dspwa'
[2025-09-03 18:24:59.779 DEBUG src/main.rs:193] Input after char '4': '/j npub1v3k0dspwa4'
[2025-09-03 18:24:59.781 DEBUG src/main.rs:193] Input after char '6': '/j npub1v3k0dspwa46'
[2025-09-03 18:24:59.783 DEBUG src/main.rs:193] Input after char 'p': '/j npub1v3k0dspwa46p'
[2025-09-03 18:24:59.784 DEBUG src/main.rs:193] Input after char 't': '/j npub1v3k0dspwa46pt'
[2025-09-03 18:24:59.786 DEBUG src/main.rs:193] Input after char '3': '/j npub1v3k0dspwa46pt3'
[2025-09-03 18:24:59.788 DEBUG src/main.rs:193] Input after char 't': '/j npub1v3k0dspwa46pt3t'
[2025-09-03 18:24:59.789 DEBUG src/main.rs:193] Input after char 'n': '/j npub1v3k0dspwa46pt3tn'
[2025-09-03 18:24:59.791 DEBUG src/main.rs:193] Input after char '0': '/j npub1v3k0dspwa46pt3tn0'
[2025-09-03 18:24:59.792 DEBUG src/main.rs:193] Input after char 'a': '/j npub1v3k0dspwa46pt3tn0a'
[2025-09-03 18:24:59.794 DEBUG src/main.rs:193] Input after char 'm': '/j npub1v3k0dspwa46pt3tn0am'
[2025-09-03 18:24:59.795 DEBUG src/main.rs:193] Input after char 'v': '/j npub1v3k0dspwa46pt3tn0amv'
[2025-09-03 18:24:59.797 DEBUG src/main.rs:193] Input after char '6': '/j npub1v3k0dspwa46pt3tn0amv6'
[2025-09-03 18:24:59.798 DEBUG src/main.rs:193] Input after char 'l': '/j npub1v3k0dspwa46pt3tn0amv6l'
[2025-09-03 18:24:59.800 DEBUG src/main.rs:193] Input after char 'h': '/j npub1v3k0dspwa46pt3tn0amv6lh'
[2025-09-03 18:24:59.801 DEBUG src/main.rs:193] Input after char 'w': '/j npub1v3k0dspwa46pt3tn0amv6lhw'
[2025-09-03 18:24:59.802 DEBUG src/main.rs:193] Input after char 'n': '/j npub1v3k0dspwa46pt3tn0amv6lhwn'
[2025-09-03 18:24:59.804 DEBUG src/main.rs:193] Input after char 'z': '/j npub1v3k0dspwa46pt3tn0amv6lhwnz'
[2025-09-03 18:24:59.805 DEBUG src/main.rs:193] Input after char 'x': '/j npub1v3k0dspwa46pt3tn0amv6lhwnzx'
[2025-09-03 18:24:59.807 DEBUG src/main.rs:193] Input after char '2': '/j npub1v3k0dspwa46pt3tn0amv6lhwnzx2'
[2025-09-03 18:24:59.808 DEBUG src/main.rs:193] Input after char '0': '/j npub1v3k0dspwa46pt3tn0amv6lhwnzx20'
[2025-09-03 18:24:59.809 DEBUG src/main.rs:193] Input after char 's': '/j npub1v3k0dspwa46pt3tn0amv6lhwnzx20s'
[2025-09-03 18:24:59.811 DEBUG src/main.rs:193] Input after char 'z': '/j npub1v3k0dspwa46pt3tn0amv6lhwnzx20sz'
[2025-09-03 18:24:59.812 DEBUG src/main.rs:193] Input after char '6': '/j npub1v3k0dspwa46pt3tn0amv6lhwnzx20sz6'
[2025-09-03 18:24:59.813 DEBUG src/main.rs:193] Input after char 's': '/j npub1v3k0dspwa46pt3tn0amv6lhwnzx20sz6s'
[2025-09-03 18:24:59.815 DEBUG src/main.rs:193] Input after char '2': '/j npub1v3k0dspwa46pt3tn0amv6lhwnzx20sz6s2'
[2025-09-03 18:24:59.816 DEBUG src/main.rs:193] Input after char '9': '/j npub1v3k0dspwa46pt3tn0amv6lhwnzx20sz6s29'
[2025-09-03 18:24:59.817 DEBUG src/main.rs:193] Input after char 'w': '/j npub1v3k0dspwa46pt3tn0amv6lhwnzx20sz6s29w'
[2025-09-03 18:24:59.819 DEBUG src/main.rs:193] Input after char 'r': '/j npub1v3k0dspwa46pt3tn0amv6lhwnzx20sz6s29wr'
[2025-09-03 18:24:59.820 DEBUG src/main.rs:193] Input after char 't': '/j npub1v3k0dspwa46pt3tn0amv6lhwnzx20sz6s29wrt'
[2025-09-03 18:24:59.821 DEBUG src/main.rs:193] Input after char 'l': '/j npub1v3k0dspwa46pt3tn0amv6lhwnzx20sz6s29wrtl'
[2025-09-03 18:24:59.822 DEBUG src/main.rs:193] Input after char 'd': '/j npub1v3k0dspwa46pt3tn0amv6lhwnzx20sz6s29wrtld'
[2025-09-03 18:24:59.824 DEBUG src/main.rs:193] Input after char 'c': '/j npub1v3k0dspwa46pt3tn0amv6lhwnzx20sz6s29wrtldc'
[2025-09-03 18:24:59.825 DEBUG src/main.rs:193] Input after char 's': '/j npub1v3k0dspwa46pt3tn0amv6lhwnzx20sz6s29wrtldcs'
[2025-09-03 18:24:59.826 DEBUG src/main.rs:193] Input after char '6': '/j npub1v3k0dspwa46pt3tn0amv6lhwnzx20sz6s29wrtldcs6'
[2025-09-03 18:24:59.827 DEBUG src/main.rs:193] Input after char 'c': '/j npub1v3k0dspwa46pt3tn0amv6lhwnzx20sz6s29wrtldcs6c'
[2025-09-03 18:24:59.829 DEBUG src/main.rs:193] Input after char '8': '/j npub1v3k0dspwa46pt3tn0amv6lhwnzx20sz6s29wrtldcs6c8'
[2025-09-03 18:24:59.830 DEBUG src/main.rs:193] Input after char 'l': '/j npub1v3k0dspwa46pt3tn0amv6lhwnzx20sz6s29wrtldcs6c8l'
[2025-09-03 18:24:59.831 DEBUG src/main.rs:193] Input after char '4': '/j npub1v3k0dspwa46pt3tn0amv6lhwnzx20sz6s29wrtldcs6c8l4'
[2025-09-03 18:24:59.832 DEBUG src/main.rs:193] Input after char '3': '/j npub1v3k0dspwa46pt3tn0amv6lhwnzx20sz6s29wrtldcs6c8l43'
[2025-09-03 18:24:59.834 DEBUG src/main.rs:193] Input after char '6': '/j npub1v3k0dspwa46pt3tn0amv6lhwnzx20sz6s29wrtldcs6c8l436'
[2025-09-03 18:24:59.835 DEBUG src/main.rs:193] Input after char 'a': '/j npub1v3k0dspwa46pt3tn0amv6lhwnzx20sz6s29wrtldcs6c8l436a'
[2025-09-03 18:24:59.836 DEBUG src/main.rs:193] Input after char 't': '/j npub1v3k0dspwa46pt3tn0amv6lhwnzx20sz6s29wrtldcs6c8l436at'
[2025-09-03 18:24:59.837 DEBUG src/main.rs:193] Input after char 'q': '/j npub1v3k0dspwa46pt3tn0amv6lhwnzx20sz6s29wrtldcs6c8l436atq'
[2025-09-03 18:24:59.839 DEBUG src/main.rs:193] Input after char 'q': '/j npub1v3k0dspwa46pt3tn0amv6lhwnzx20sz6s29wrtldcs6c8l436atqq'
[2025-09-03 18:24:59.840 DEBUG src/main.rs:193] Input after char '6': '/j npub1v3k0dspwa46pt3tn0amv6lhwnzx20sz6s29wrtldcs6c8l436atqq6'
[2025-09-03 18:24:59.841 DEBUG src/main.rs:193] Input after char '3': '/j npub1v3k0dspwa46pt3tn0amv6lhwnzx20sz6s29wrtldcs6c8l436atqq63'
[2025-09-03 18:24:59.842 DEBUG src/main.rs:193] Input after char 'q': '/j npub1v3k0dspwa46pt3tn0amv6lhwnzx20sz6s29wrtldcs6c8l436atqq63q'
[2025-09-03 18:24:59.843 DEBUG src/main.rs:193] Input after char 'f': '/j npub1v3k0dspwa46pt3tn0amv6lhwnzx20sz6s29wrtldcs6c8l436atqq63qf'
[2025-09-03 18:24:59.844 DEBUG src/main.rs:193] Input after char '6': '/j npub1v3k0dspwa46pt3tn0amv6lhwnzx20sz6s29wrtldcs6c8l436atqq63qf6'
[2025-09-03 18:25:02.085 DEBUG /Users/justin/code/nrc/nrc-bare/worktrees/ok-let-s/src/lib.rs:177] Found key package on attempt 1
[2025-09-03 18:25:02.092 DEBUG /Users/justin/.cargo/registry/src/index.crates.io-1949cf8c6b5b557f/openmls-0.7.0/src/schedule/mod.rs:421] Initializing the key schedule with MLS_128_DHKEMX25519_AES128GCM_SHA256_Ed25519 ...
[2025-09-03 18:25:02.093 DEBUG /Users/justin/.cargo/registry/src/index.crates.io-1949cf8c6b5b557f/openmls-0.7.0/src/schedule/mod.rs:1126] Computing EpochSecrets from epoch secret with MLS_128_DHKEMX25519_AES128GCM_SHA256_Ed25519
[2025-09-03 18:25:02.093 DEBUG /Users/justin/.cargo/registry/src/index.crates.io-1949cf8c6b5b557f/openmls-0.7.0/src/schedule/mod.rs:794] Computing confirmation key.
[2025-09-03 18:25:02.094 DEBUG /Users/justin/.cargo/registry/src/index.crates.io-1949cf8c6b5b557f/openmls-0.7.0/src/schedule/mod.rs:820] Computing confirmation tag.
[2025-09-03 18:25:02.096 DEBUG /Users/justin/.cargo/registry/src/index.crates.io-1949cf8c6b5b557f/openmls_memory_storage-0.4.0/src/lib.rs:791] Writing encryption epoch key pairs
[2025-09-03 18:25:02.099 DEBUG /Users/justin/.cargo/registry/src/index.crates.io-1949cf8c6b5b557f/openmls-0.7.0/src/group/public_group/diff/apply_proposals.rs:58] Applying proposal
[2025-09-03 18:25:02.103 DEBUG /Users/justin/.cargo/registry/src/index.crates.io-1949cf8c6b5b557f/openmls-0.7.0/src/schedule/mod.rs:421] Initializing the key schedule with MLS_128_DHKEMX25519_AES128GCM_SHA256_Ed25519 ...
[2025-09-03 18:25:02.103 DEBUG /Users/justin/.cargo/registry/src/index.crates.io-1949cf8c6b5b557f/openmls-0.7.0/src/schedule/mod.rs:1126] Computing EpochSecrets from epoch secret with MLS_128_DHKEMX25519_AES128GCM_SHA256_Ed25519
[2025-09-03 18:25:02.104 DEBUG /Users/justin/.cargo/registry/src/index.crates.io-1949cf8c6b5b557f/openmls-0.7.0/src/schedule/mod.rs:794] Computing confirmation key.
[2025-09-03 18:25:02.104 DEBUG /Users/justin/.cargo/registry/src/index.crates.io-1949cf8c6b5b557f/openmls-0.7.0/src/schedule/mod.rs:820] Computing confirmation tag.
[2025-09-03 18:25:02.109 DEBUG /Users/justin/.cargo/registry/src/index.crates.io-1949cf8c6b5b557f/openmls-0.7.0/src/framing/private_message.rs:77] PrivateMessage::try_from_authenticated_content
[2025-09-03 18:25:02.109 DEBUG /Users/justin/.cargo/registry/src/index.crates.io-1949cf8c6b5b557f/openmls-0.7.0/src/tree/secret_tree.rs:84] Derive tree secret with label "nonce" in generation 0 of length 12
[2025-09-03 18:25:02.109 DEBUG /Users/justin/.cargo/registry/src/index.crates.io-1949cf8c6b5b557f/openmls-0.7.0/src/tree/secret_tree.rs:84] Derive tree secret with label "key" in generation 0 of length 16
[2025-09-03 18:25:02.109 DEBUG /Users/justin/.cargo/registry/src/index.crates.io-1949cf8c6b5b557f/openmls-0.7.0/src/tree/secret_tree.rs:84] Derive tree secret with label "secret" in generation 0 of length 32
[2025-09-03 18:25:02.110 DEBUG /Users/justin/.cargo/registry/src/index.crates.io-1949cf8c6b5b557f/openmls-0.7.0/src/schedule/mod.rs:919] Getting ciphertext sample of length 32
[2025-09-03 18:25:02.110 DEBUG /Users/justin/.cargo/registry/src/index.crates.io-1949cf8c6b5b557f/openmls-0.7.0/src/schedule/mod.rs:958] SenderDataSecret::derive_aead_key ciphertext sample: [20, 9f, 61, 50, f4, b0, d, 80, a0, 49, d0, 6d, 65, 9, 47, b6, 35, 0, 4f, 56, 45, ed, 29, d4, 85, de, 38, 70, 4d, 5b, 2f, 54]
[2025-09-03 18:25:02.110 DEBUG /Users/justin/.cargo/registry/src/index.crates.io-1949cf8c6b5b557f/openmls-0.7.0/src/schedule/mod.rs:919] Getting ciphertext sample of length 32
[2025-09-03 18:25:02.110 DEBUG /Users/justin/.cargo/registry/src/index.crates.io-1949cf8c6b5b557f/openmls-0.7.0/src/schedule/mod.rs:977] SenderDataSecret::derive_aead_nonce ciphertext sample: [20, 9f, 61, 50, f4, b0, d, 80, a0, 49, d0, 6d, 65, 9, 47, b6, 35, 0, 4f, 56, 45, ed, 29, d4, 85, de, 38, 70, 4d, 5b, 2f, 54]
[2025-09-03 18:25:02.110 DEBUG /Users/justin/.cargo/registry/src/index.crates.io-1949cf8c6b5b557f/openmls_memory_storage-0.4.0/src/lib.rs:813] Reading encryption epoch key pairs
[2025-09-03 18:25:02.111 DEBUG /Users/justin/.cargo/registry/src/index.crates.io-1949cf8c6b5b557f/openmls_memory_storage-0.4.0/src/lib.rs:791] Writing encryption epoch key pairs
[2025-09-03 18:25:04.795 DEBUG src/main.rs:193] Input after char '/': '/'
[2025-09-03 18:25:09.225 DEBUG src/main.rs:193] Input after char '/': '/'
[2025-09-03 18:25:09.725 DEBUG src/main.rs:193] Input after char 'n': '/n'
[2025-09-03 18:25:10.425 DEBUG src/main.rs:193] Input after char 'j': '/j'
[2025-09-03 18:25:19.915 DEBUG src/main.rs:193] Input after char '/': '/'
[2025-09-03 18:25:20.104 DEBUG src/main.rs:193] Input after char 'e': '/e'
[2025-09-03 18:25:23.157 DEBUG /Users/justin/.cargo/registry/src/index.crates.io-1949cf8c6b5b557f/openmls-0.7.0/src/framing/private_message.rs:77] PrivateMessage::try_from_authenticated_content
[2025-09-03 18:25:23.158 DEBUG /Users/justin/.cargo/registry/src/index.crates.io-1949cf8c6b5b557f/openmls-0.7.0/src/tree/secret_tree.rs:394] Deriving tree secret for parent node 0 with MLS_128_DHKEMX25519_AES128GCM_SHA256_Ed25519
[2025-09-03 18:25:23.158 DEBUG /Users/justin/.cargo/registry/src/index.crates.io-1949cf8c6b5b557f/openmls-0.7.0/src/tree/secret_tree.rs:84] Derive tree secret with label "nonce" in generation 0 of length 12
[2025-09-03 18:25:23.158 DEBUG /Users/justin/.cargo/registry/src/index.crates.io-1949cf8c6b5b557f/openmls-0.7.0/src/tree/secret_tree.rs:84] Derive tree secret with label "key" in generation 0 of length 16
[2025-09-03 18:25:23.158 DEBUG /Users/justin/.cargo/registry/src/index.crates.io-1949cf8c6b5b557f/openmls-0.7.0/src/tree/secret_tree.rs:84] Derive tree secret with label "secret" in generation 0 of length 32
[2025-09-03 18:25:23.159 DEBUG /Users/justin/.cargo/registry/src/index.crates.io-1949cf8c6b5b557f/openmls-0.7.0/src/schedule/mod.rs:919] Getting ciphertext sample of length 32
[2025-09-03 18:25:23.159 DEBUG /Users/justin/.cargo/registry/src/index.crates.io-1949cf8c6b5b557f/openmls-0.7.0/src/schedule/mod.rs:958] SenderDataSecret::derive_aead_key ciphertext sample: [55, 41, 13, 7, b5, 65, 31, b7, 90, 8, 7c, d7, a6, 4, 4d, 2c, 6a, d0, 60, 96, ae, c4, 8e, 57, 52, 17, f7, 36, 86, 52, 43, 9d]
[2025-09-03 18:25:23.159 DEBUG /Users/justin/.cargo/registry/src/index.crates.io-1949cf8c6b5b557f/openmls-0.7.0/src/schedule/mod.rs:919] Getting ciphertext sample of length 32
[2025-09-03 18:25:23.159 DEBUG /Users/justin/.cargo/registry/src/index.crates.io-1949cf8c6b5b557f/openmls-0.7.0/src/schedule/mod.rs:977] SenderDataSecret::derive_aead_nonce ciphertext sample: [55, 41, 13, 7, b5, 65, 31, b7, 90, 8, 7c, d7, a6, 4, 4d, 2c, 6a, d0, 60, 96, ae, c4, 8e, 57, 52, 17, f7, 36, 86, 52, 43, 9d]
[2025-09-03 18:25:23.164 DEBUG /Users/justin/code/nrc/nrc-bare/worktrees/ok-let-s/src/lib.rs:351] Sending message event: id=b9dc650bf17eb0af8356041273262fdc7378601b283929cd035786afb63128c6, kind=445
[2025-09-03 18:25:25.852 DEBUG /Users/justin/.cargo/registry/src/index.crates.io-1949cf8c6b5b557f/openmls-0.7.0/src/framing/private_message.rs:77] PrivateMessage::try_from_authenticated_content
[2025-09-03 18:25:25.853 DEBUG /Users/justin/.cargo/registry/src/index.crates.io-1949cf8c6b5b557f/openmls-0.7.0/src/tree/secret_tree.rs:84] Derive tree secret with label "nonce" in generation 1 of length 12
[2025-09-03 18:25:25.853 DEBUG /Users/justin/.cargo/registry/src/index.crates.io-1949cf8c6b5b557f/openmls-0.7.0/src/tree/secret_tree.rs:84] Derive tree secret with label "key" in generation 1 of length 16
[2025-09-03 18:25:25.853 DEBUG /Users/justin/.cargo/registry/src/index.crates.io-1949cf8c6b5b557f/openmls-0.7.0/src/tree/secret_tree.rs:84] Derive tree secret with label "secret" in generation 1 of length 32
[2025-09-03 18:25:25.854 DEBUG /Users/justin/.cargo/registry/src/index.crates.io-1949cf8c6b5b557f/openmls-0.7.0/src/schedule/mod.rs:919] Getting ciphertext sample of length 32
[2025-09-03 18:25:25.854 DEBUG /Users/justin/.cargo/registry/src/index.crates.io-1949cf8c6b5b557f/openmls-0.7.0/src/schedule/mod.rs:958] SenderDataSecret::derive_aead_key ciphertext sample: [6c, f9, a0, fc, b, e, 42, 11, 5e, 5f, fd, f8, c0, 42, 10, fa, b4, b0, 30, e6, 34, 57, 2b, 17, e5, 90, f, fa, 70, ac, 49, 56]
[2025-09-03 18:25:25.854 DEBUG /Users/justin/.cargo/registry/src/index.crates.io-1949cf8c6b5b557f/openmls-0.7.0/src/schedule/mod.rs:919] Getting ciphertext sample of length 32
[2025-09-03 18:25:25.854 DEBUG /Users/justin/.cargo/registry/src/index.crates.io-1949cf8c6b5b557f/openmls-0.7.0/src/schedule/mod.rs:977] SenderDataSecret::derive_aead_nonce ciphertext sample: [6c, f9, a0, fc, b, e, 42, 11, 5e, 5f, fd, f8, c0, 42, 10, fa, b4, b0, 30, e6, 34, 57, 2b, 17, e5, 90, f, fa, 70, ac, 49, 56]
[2025-09-03 18:25:25.861 DEBUG /Users/justin/code/nrc/nrc-bare/worktrees/ok-let-s/src/lib.rs:351] Sending message event: id=78b1a20451d694b5675f317b5c26c2c32943f4ea291bfd944653865551c6ef9b, kind=445
